[Licensing::Module] Trying to connect to existing licensing client channel...
[Licensing::IpcConnector] Successfully connected to: "LicenseClient-31514" at "2026-07-21T18:24:44.2661821Z"
Built from '6000.3/staging' branch; Version is '6000.3.19f1 (7689f4515d75) revision 7768564'; Using compiler version '194234433'; Build Type 'Release'
OS: 'Windows 11  (10.0.26200) CoreCountrySpecific' Language: 'zh' Physical Memory: 32386 MB
BatchMode: 1, IsHumanControllingUs: 0, StartBugReporterOnCrash: 0, Is64bit: 1
System  architecture: x64
Process architecture: x64
Date: 2026-07-21T18:24:44Z
[Licensing::Client] Error: HandshakeResponse reported an error:
	ResponseCode: 505
	ResponseStatus: Unsupported protocol version '1.18.1'.
[Licensing::Module] Error: Failed to handshake to channel: "LicenseClient-31514"
[Licensing::IpcConnector] LicenseClient-31514 channel disconnected successfully.
[Licensing::IpcConnector] Channel LicenseClient-31514-6000.3.19 doesn't exist
[Licensing::Module] Successfully launched the LicensingClient (PId: 36556)
[Licensing::IpcConnector] Successfully connected to: "LicenseClient-31514-6000.3.19" at "2026-07-21T18:24:55.7377034Z"
[Licensing::Client] Code 10 while verifying Licensing Client signature (process Id: 36556, path: "C:/Program Files/Unity/Hub/Editor/6000.3.19f1/Editor/Data/Resources/Licensing/Client/Unity.Licensing.Client.exe")
[Licensing::Module] LicensingClient has failed validation; ignoring
[Licensing::Client] Error: Timed-out after 30.00s, waiting for HandshakeResponse
[Licensing::Module] Error: Failed to handshake to channel: "LicenseClient-31514-6000.3.19"
[Licensing::IpcConnector] LicenseClient-31514-6000.3.19 channel disconnected successfully.
[Licensing::Module] Error: Licensing initialization failed after 41.50s

COMMAND LINE ARGUMENTS:
C:\Program Files\Unity\Hub\Editor\6000.3.19f1\Editor\Unity.exe
-batchmode
-quit
-projectPath
D:\DesignTesting
-executeMethod
Scene2TilemapBuilder.ConvertScene2AndSave
-logFile
D:\DesignTesting\unity_scene2_tilemap_convert.log
Successfully changed project path to: D:\DesignTesting
D:/DesignTesting
[UnityMemory] Configuration Parameters - Can be set up in boot.config
    "memorysetup-temp-allocator-size-nav-mesh-worker=65536"
    "memorysetup-temp-allocator-size-audio-worker=65536"
    "memorysetup-temp-allocator-size-gfx=262144"
    "memorysetup-allocator-temp-initial-block-size-main=262144"
    "memorysetup-allocator-temp-initial-block-size-worker=262144"
    "memorysetup-temp-allocator-size-background-worker=32768"
    "memorysetup-temp-allocator-size-job-worker=262144"
    "memorysetup-temp-allocator-size-preload-manager=33554432"
    "memorysetup-temp-allocator-size-gi-baking-worker=262144"
    "memorysetup-temp-allocator-size-gi-baking-worker=262144"
    "memorysetup-temp-allocator-size-gi-baking-worker=262144"
    "memorysetup-temp-allocator-size-gi-baking-worker=262144"
    "memorysetup-temp-allocator-size-gi-baking-worker=262144"
    "memorysetup-bucket-allocator-granularity=16"
    "memorysetup-bucket-allocator-bucket-count=8"
    "memorysetup-bucket-allocator-block-size=33554432"
    "memorysetup-bucket-allocator-block-count=8"
    "memorysetup-main-allocator-block-size=16777216"
    "memorysetup-thread-allocator-block-size=16777216"
    "memorysetup-gfx-main-allocator-block-size=16777216"
    "memorysetup-gfx-thread-allocator-block-size=16777216"
    "memorysetup-cache-allocator-block-size=4194304"
    "memorysetup-typetree-allocator-block-size=2097152"
    "memorysetup-profiler-bucket-allocator-granularity=16"
    "memorysetup-profiler-bucket-allocator-bucket-count=8"
    "memorysetup-profiler-bucket-allocator-block-size=33554432"
    "memorysetup-profiler-bucket-allocator-block-count=8"
    "memorysetup-profiler-allocator-block-size=16777216"
    "memorysetup-profiler-editor-allocator-block-size=1048576"
    "memorysetup-temp-allocator-size-main=16777216"
    "memorysetup-job-temp-allocator-block-size=2097152"
    "memorysetup-job-temp-allocator-block-size-background=1048576"
    "memorysetup-job-temp-allocator-reduction-small-platforms=262144"
    "memorysetup-temp-allocator-size-cloud-worker=32768"
Player connection [34284]  Target information:

Player connection [34284]  * "[IP] 172.29.64.1 [Port] 55504 [Flags] 2 [Guid] 139720201 [EditorId] 139720201 [Version] 1048832 [Id] WindowsEditor(7,linxin) [Debug] 1 [PackageName] WindowsEditor [ProjectName] Editor" 

Player connection [34284]  * "[IP] 172.25.111.231 [Port] 55504 [Flags] 2 [Guid] 139720201 [EditorId] 139720201 [Version] 1048832 [Id] WindowsEditor(7,linxin) [Debug] 1 [PackageName] WindowsEditor [ProjectName] Editor" 

Player connection [34284] Host joined multi-casting on [225.0.0.222:54997]...
Player connection [34284] Host joined alternative multi-casting on [225.0.0.222:34997]...
Input System module state changed to: Initialized.
[Physics::Module] Initialized fallback backend.
[Physics::Module] Id: 0xdecafbad
[Package Manager] Connected to IPC stream "Upm-43700" after 1.3 seconds.
[Licensing::Module] Error: The connection with the Unity Licensing Client has been lost. Attempting to reconnect.
[Licensing::IpcConnector] Successfully connected to: "LicenseClient-31514" at "2026-07-21T18:30:06.9690127Z"
[Licensing::Client] Error: HandshakeResponse reported an error:
	ResponseCode: 505
	ResponseStatus: Unsupported protocol version '1.18.1'.
[Licensing::Module] Error: Failed to handshake to channel: "LicenseClient-31514"
[Licensing::IpcConnector] LicenseClient-31514 channel disconnected successfully.
[Licensing::IpcConnector] Channel LicenseClient-31514-6000.3.19 doesn't exist
[Licensing::Module] Successfully launched the LicensingClient (PId: 37712)
[Licensing::IpcConnector] Successfully connected to: "LicenseClient-31514-6000.3.19" at "2026-07-21T18:30:23.4469546Z"
[Licensing::Client] Code 10 while verifying Licensing Client signature (process Id: 37712, path: "C:/Program Files/Unity/Hub/Editor/6000.3.19f1/Editor/Data/Resources/Licensing/Client/Unity.Licensing.Client.exe")
[Licensing::Module] LicensingClient has failed validation; ignoring
[Licensing::Client] Error: Timed-out after 30.00s, waiting for HandshakeResponse
[Licensing::Module] Error: Failed to handshake to channel: "LicenseClient-31514-6000.3.19"
[Licensing::IpcConnector] LicenseClient-31514-6000.3.19 channel disconnected successfully.
[Licensing::Module] The re-connection attempt was UN-successful.
[Licensing::Module] Error: 'com.unity.editor.headless' was not found.
Library Redirect Path: Library/
[Physics::Module] Selected backend.
[Physics::Module] Name: PhysX
[Physics::Module] Id: 0xf2b8ea05
[Physics::Module] SDK Version: 4.1.2
[Physics::Module] Integration Version: 1.0.0
[Physics::Module] Threading Mode: Multi-Threaded
Refreshing native plugins compatible for Editor in 0.89 ms, found 0 plugins.
Preloading 0 native plugins for Editor in 0.00 ms.
Initialize engine version: 6000.3.19f1 (7689f4515d75)
[Subsystems] Discovering subsystems at path C:/Program Files/Unity/Hub/Editor/6000.3.19f1/Editor/Data/Resources/UnitySubsystems
[Subsystems] Discovering subsystems at path D:/DesignTesting/Assets
GfxDevice: creating device client; kGfxThreadingModeNonThreaded
d3d12: failed to query info queue interface (0x80004002).
Direct3D:
    Version:         Direct3D 12 [level 12.2]
    Renderer:        NVIDIA GeForce RTX 4060 Laptop GPU (ID=0x28e0)
    Vendor:          NVIDIA
    VRAM:            7956 MB
    App VRAM Budget: 7188 MB
    Driver:          32.0.16.1062
Initialize mono
Mono path[0] = 'C:/Program Files/Unity/Hub/Editor/6000.3.19f1/Editor/Data/Managed'
Mono path[1] = 'C:/Program Files/Unity/Hub/Editor/6000.3.19f1/Editor/Data/MonoBleedingEdge/lib/mono/unityjit-win32'
Mono config path = 'C:/Program Files/Unity/Hub/Editor/6000.3.19f1/Editor/Data/MonoBleedingEdge/etc'
Using monoOptions --debugger-agent=transport=dt_socket,embedding=1,server=y,suspend=n,address=127.0.0.1:56700
Using cacheserver namespaces - metadata:defaultmetadata, artifacts:defaultartifacts
Using cacheserver namespaces - metadata:defaultmetadata, artifacts:defaultartifacts
ImportWorker Server TCP listen port: 0
AcceleratorClientConnectionCallback - disconnected - :0
Begin MonoManager ReloadAssembly
Registering precompiled unity dll's ...
Register platform support module: C:/Program Files/Unity/Hub/Editor/6000.3.19f1/Editor/Data/PlaybackEngines/WindowsStandaloneSupport/UnityEditor.WindowsStandalone.Extensions.dll
Registered in 0.004191 seconds.
- Loaded All Assemblies, in  0.358 seconds
Native extension for WindowsStandalone target not found
Package Manager log level set to [2]
ScheduleIndexationOnStartup MainProcess:False IndexOnStartup:True
Mono: successfully reloaded assembly
- Finished resetting the current domain, in  0.613 seconds
Domain Reload Profiling: 956ms
	BeginReloadAssembly (143ms)
		ExecutionOrderSort (0ms)
		DisableScriptedObjects (0ms)
		BackupInstance (0ms)
		ReleaseScriptingObjects (0ms)
		CreateAndSetChildDomain (18ms)
	RebuildCommonClasses (26ms)
	RebuildNativeTypeToScriptingClass (8ms)
	initialDomainReloadingComplete (47ms)
	LoadAllAssembliesAndSetupDomain (118ms)
		LoadAssemblies (106ms)
		RebuildTransferFunctionScriptingTraits (0ms)
		AnalyzeDomain (115ms)
			TypeCache.Refresh (114ms)
				TypeCache.ScanAssembly (104ms)
			BuildScriptInfoCaches (0ms)
			ResolveRequiredComponents (0ms)
	FinalizeReload (614ms)
		ReleaseScriptCaches (0ms)
		RebuildScriptCaches (0ms)
		SetupLoadedEditorAssemblies (589ms)
			LogAssemblyErrors (0ms)
			InitializePlatformSupportModulesInManaged (34ms)
			SetLoadedEditorAssemblies (3ms)
			BeforeProcessingInitializeOnLoad (50ms)
			ProcessInitializeOnLoadAttributes (92ms)
			ProcessInitializeOnLoadMethodAttributes (411ms)
			AfterProcessingInitializeOnLoad (0ms)
			EditorAssembliesLoaded (0ms)
		ExecutionOrderSort2 (0ms)
		AwakeInstancesAfterBackupRestoration (0ms)
[Licensing::Module] Error: The connection with the Unity Licensing Client has been lost. Attempting to reconnect.
[Licensing::IpcConnector] Successfully connected to: "LicenseClient-31514" at "2026-07-21T18:30:59.4759789Z"
[Licensing::Client] Error: HandshakeResponse reported an error:
	ResponseCode: 505
	ResponseStatus: Unsupported protocol version '1.18.1'.
[Licensing::Module] Error: Failed to handshake to channel: "LicenseClient-31514"
[Licensing::IpcConnector] LicenseClient-31514 channel disconnected successfully.
[Licensing::IpcConnector] Channel LicenseClient-31514-6000.3.19 doesn't exist
[Licensing::Module] Successfully launched the LicensingClient (PId: 42932)
[Licensing::IpcConnector] Successfully connected to: "LicenseClient-31514-6000.3.19" at "2026-07-21T18:31:12.6079492Z"
[Licensing::Client] Code 10 while verifying Licensing Client signature (process Id: 42932, path: "C:/Program Files/Unity/Hub/Editor/6000.3.19f1/Editor/Data/Resources/Licensing/Client/Unity.Licensing.Client.exe")
[Licensing::Module] LicensingClient has failed validation; ignoring
[Licensing::Client] Handshaking with LicensingClient:
  Version:                 1.18.1+9fbee8e
  Session Id:              78c4b6469d4e4635907d5a39c159d9b7
  Correlation Id:          3c0580567b1f487edf9d5444946536b2
  External correlation Id: 5308456222870080224
  Machine Id:              j83UbjFAoMBiN1pygQvhLBUxPvo=
[Licensing::Module] Successfully connected to LicensingClient on channel: "LicenseClient-31514-6000.3.19" (connect: 0.37s, validation: 19.04s, handshake: 0.03s)
[Licensing::IpcConnector] Successfully connected to: "LicenseClient-31514-6000.3.19-notifications" at "2026-07-21T18:31:31.6811234Z"
[Licensing::Module] Connected to LicensingClient (PId: 42932, launch time: 0.06, total connection time: 19.45s)
[Licensing::Module] The re-connection attempt was successful.
[Licensing::Client] Successfully resolved entitlement details
[Licensing::Module] License group:
  Id: ewogICJzdWJzR3JvdXAiIDogInVuaXR5IGVkaXRvciIsCiAgIm5hbWVzcGFjZSIgOiAidW5pdHlfZWRpdG9yIiwKICAidHlwZSIgOiAiRURJVE9SIiwKICAidGFnIiA6ICJVbml0eVBlcnNvbmFsXXXX
  Product: Unity Personal Version
  Type: Assigned
  Expiration: Unlimited
Application.AssetDatabase Initial Refresh Start
[Package Manager] Restoring resolved packages state from cache
[Licensing::Client] Successfully resolved entitlement details
[Package Manager] Registered 66 packages:
  Packages from [https://packages.unity.com]:
    com.unity.2d.animation@13.0.5 (location: D:\DesignTesting\Library\PackageCache\com.unity.2d.animation@5d1ab6c077e2)
    com.unity.2d.aseprite@3.0.2 (location: D:\DesignTesting\Library\PackageCache\com.unity.2d.aseprite@20edb5643ab5)
    com.unity.2d.psdimporter@12.0.2 (location: D:\DesignTesting\Library\PackageCache\com.unity.2d.psdimporter@f207d91d598d)
    com.unity.2d.spriteshape@13.0.0 (location: D:\DesignTesting\Library\PackageCache\com.unity.2d.spriteshape@0738bab11647)
    com.unity.2d.tilemap.extras@6.0.2 (location: D:\DesignTesting\Library\PackageCache\com.unity.2d.tilemap.extras@4c5cdf9da5f3)
    com.unity.2d.tooling@1.0.3 (location: D:\DesignTesting\Library\PackageCache\com.unity.2d.tooling@127d960d4dc1)
    com.unity.collab-proxy@2.12.4 (location: D:\DesignTesting\Library\PackageCache\com.unity.collab-proxy@0b1559bcd34e)
    com.unity.ide.rider@3.0.40 (location: D:\DesignTesting\Library\PackageCache\com.unity.ide.rider@e4950c6d131b)
    com.unity.ide.visualstudio@2.0.26 (location: D:\DesignTesting\Library\PackageCache\com.unity.ide.visualstudio@a99d56dec63f)
    com.unity.inputsystem@1.19.0 (location: D:\DesignTesting\Library\PackageCache\com.unity.inputsystem@21a28c3a6c83)
    com.unity.timeline@1.8.12 (location: D:\DesignTesting\Library\PackageCache\com.unity.timeline@8cd8509afae5)
    com.unity.visualscripting@1.9.11 (location: D:\DesignTesting\Library\PackageCache\com.unity.visualscripting@8bed5ad90189)
    com.unity.2d.common@12.0.3 (location: D:\DesignTesting\Library\PackageCache\com.unity.2d.common@2af7c9b44b5c)
    com.unity.mathematics@1.3.3 (location: D:\DesignTesting\Library\PackageCache\com.unity.mathematics@19a9377c4ffa)
    com.unity.collections@2.6.6 (location: D:\DesignTesting\Library\PackageCache\com.unity.collections@9796e5ee0d9e)
    com.unity.searcher@4.9.4 (location: D:\DesignTesting\Library\PackageCache\com.unity.searcher@d45a78918735)
    com.unity.burst@1.8.29 (location: D:\DesignTesting\Library\PackageCache\com.unity.burst@6bb9aca3ef38)
    com.unity.nuget.mono-cecil@1.11.6 (location: D:\DesignTesting\Library\PackageCache\com.unity.nuget.mono-cecil@ecb9724e46ff)
    com.unity.test-framework.performance@3.5.0 (location: D:\DesignTesting\Library\PackageCache\com.unity.test-framework.performance@8b56083ec0f0)
  Built-in packages:
    com.unity.2d.sprite@1.0.0 (location: D:\DesignTesting\Library\PackageCache\com.unity.2d.sprite@d8bb22511404)
    com.unity.2d.tilemap@1.0.0 (location: D:\DesignTesting\Library\PackageCache\com.unity.2d.tilemap@06f4a9532942)
    com.unity.multiplayer.center@1.0.1 (location: D:\DesignTesting\Library\PackageCache\com.unity.multiplayer.center@f01f4ba8d00a)
    com.unity.render-pipelines.universal@17.3.0 (location: D:\DesignTesting\Library\PackageCache\com.unity.render-pipelines.universal@8a9b4021522a)
    com.unity.test-framework@1.6.0 (location: D:\DesignTesting\Library\PackageCache\com.unity.test-framework@bd7f943e9647)
    com.unity.textmeshpro@5.0.0 (location: D:\DesignTesting\Library\PackageCache\com.unity.textmeshpro@53f43edfd2e0)
    com.unity.ugui@2.0.0 (location: D:\DesignTesting\Library\PackageCache\com.unity.ugui@b95364aab964)
    com.unity.modules.accessibility@1.0.0 (location: D:\DesignTesting\Library\PackageCache\com.unity.modules.accessibility)
    com.unity.modules.adaptiveperformance@1.0.0 (location: D:\DesignTesting\Library\PackageCache\com.unity.modules.adaptiveperformance)
    com.unity.modules.ai@1.0.0 (location: D:\DesignTesting\Library\PackageCache\com.unity.modules.ai)
    com.unity.modules.androidjni@1.0.0 (location: D:\DesignTesting\Library\PackageCache\com.unity.modules.androidjni)
    com.unity.modules.animation@1.0.0 (location: D:\DesignTesting\Library\PackageCache\com.unity.modules.animation)
    com.unity.modules.assetbundle@1.0.0 (location: D:\DesignTesting\Library\PackageCache\com.unity.modules.assetbundle)
    com.unity.modules.audio@1.0.0 (location: D:\DesignTesting\Library\PackageCache\com.unity.modules.audio)
    com.unity.modules.cloth@1.0.0 (location: D:\DesignTesting\Library\PackageCache\com.unity.modules.cloth)
    com.unity.modules.director@1.0.0 (location: D:\DesignTesting\Library\PackageCache\com.unity.modules.director)
    com.unity.modules.imageconversion@1.0.0 (location: D:\DesignTesting\Library\PackageCache\com.unity.modules.imageconversion)
    com.unity.modules.imgui@1.0.0 (location: D:\DesignTesting\Library\PackageCache\com.unity.modules.imgui)
    com.unity.modules.jsonserialize@1.0.0 (location: D:\DesignTesting\Library\PackageCache\com.unity.modules.jsonserialize)
    com.unity.modules.particlesystem@1.0.0 (location: D:\DesignTesting\Library\PackageCache\com.unity.modules.particlesystem)
    com.unity.modules.physics@1.0.0 (location: D:\DesignTesting\Library\PackageCache\com.unity.modules.physics)
    com.unity.modules.physics2d@1.0.0 (location: D:\DesignTesting\Library\PackageCache\com.unity.modules.physics2d)
    com.unity.modules.screencapture@1.0.0 (location: D:\DesignTesting\Library\PackageCache\com.unity.modules.screencapture)
    com.unity.modules.terrain@1.0.0 (location: D:\DesignTesting\Library\PackageCache\com.unity.modules.terrain)
    com.unity.modules.terrainphysics@1.0.0 (location: D:\DesignTesting\Library\PackageCache\com.unity.modules.terrainphysics)
    com.unity.modules.tilemap@1.0.0 (location: D:\DesignTesting\Library\PackageCache\com.unity.modules.tilemap)
    com.unity.modules.ui@1.0.0 (location: D:\DesignTesting\Library\PackageCache\com.unity.modules.ui)
    com.unity.modules.uielements@1.0.0 (location: D:\DesignTesting\Library\PackageCache\com.unity.modules.uielements)
    com.unity.modules.umbra@1.0.0 (location: D:\DesignTesting\Library\PackageCache\com.unity.modules.umbra)
    com.unity.modules.unityanalytics@1.0.0 (location: D:\DesignTesting\Library\PackageCache\com.unity.modules.unityanalytics)
    com.unity.modules.unitywebrequest@1.0.0 (location: D:\DesignTesting\Library\PackageCache\com.unity.modules.unitywebrequest)
    com.unity.modules.unitywebrequestassetbundle@1.0.0 (location: D:\DesignTesting\Library\PackageCache\com.unity.modules.unitywebrequestassetbundle)
    com.unity.modules.unitywebrequestaudio@1.0.0 (location: D:\DesignTesting\Library\PackageCache\com.unity.modules.unitywebrequestaudio)
    com.unity.modules.unitywebrequesttexture@1.0.0 (location: D:\DesignTesting\Library\PackageCache\com.unity.modules.unitywebrequesttexture)
    com.unity.modules.unitywebrequestwww@1.0.0 (location: D:\DesignTesting\Library\PackageCache\com.unity.modules.unitywebrequestwww)
    com.unity.modules.vectorgraphics@1.0.0 (location: D:\DesignTesting\Library\PackageCache\com.unity.modules.vectorgraphics)
    com.unity.modules.vehicles@1.0.0 (location: D:\DesignTesting\Library\PackageCache\com.unity.modules.vehicles)
    com.unity.modules.video@1.0.0 (location: D:\DesignTesting\Library\PackageCache\com.unity.modules.video)
    com.unity.modules.vr@1.0.0 (location: D:\DesignTesting\Library\PackageCache\com.unity.modules.vr)
    com.unity.modules.wind@1.0.0 (location: D:\DesignTesting\Library\PackageCache\com.unity.modules.wind)
    com.unity.modules.xr@1.0.0 (location: D:\DesignTesting\Library\PackageCache\com.unity.modules.xr)
    com.unity.modules.subsystems@1.0.0 (location: D:\DesignTesting\Library\PackageCache\com.unity.modules.subsystems)
    com.unity.modules.hierarchycore@1.0.0 (location: D:\DesignTesting\Library\PackageCache\com.unity.modules.hierarchycore)
    com.unity.ext.nunit@2.0.5 (location: D:\DesignTesting\Library\PackageCache\com.unity.ext.nunit@d8c07649098d)
    com.unity.render-pipelines.core@17.3.0 (location: D:\DesignTesting\Library\PackageCache\com.unity.render-pipelines.core@c3bbbae46ff1)
    com.unity.shadergraph@17.3.0 (location: D:\DesignTesting\Library\PackageCache\com.unity.shadergraph@0a17040bdbb7)
    com.unity.render-pipelines.universal-config@17.0.3 (location: D:\DesignTesting\Library\PackageCache\com.unity.render-pipelines.universal-config@8dc1aab4af1d)
[Package Manager] com.unity.textmeshpro is deprecated: This package is no longer supported. TextMeshPro functionalities are now included in the com.unity.ugui package. To continue using them, consider adding it to your project dependencies.
[Subsystems] No new subsystems found in resolved package list.
[Package Manager] Done registering packages in 0.07 seconds
[ScriptCompilation] Requested script compilation because: Assetdatabase observed changes in script compilation related files
Starting: C:\Program Files\Unity\Hub\Editor\6000.3.19f1\Editor\Data\Tools\BuildPipeline\bee_backend.exe --ipc --defer-dag-verification --dagfile="Library/Bee/1900b0aE.dag" --continue-on-failure --profile="Library/Bee/backend1.traceevents" ScriptAssemblies
WorkingDir: D:/DesignTesting
DisplayProgressbar: Compiling Scripts
Starting: C:\Program Files\Unity\Hub\Editor\6000.3.19f1\Editor\Data\netcorerun\netcorerun.exe "C:\Program Files\Unity\Hub\Editor\6000.3.19f1\Editor\Data\Tools\BuildPipeline\ScriptCompilationBuildProgram.exe" "Library/Bee/1900b0aE.dag.json" "Library/Bee/1900b0aE-inputdata.json" "Library\Bee\buildprogram0.traceevents"
WorkingDir: D:/DesignTesting
ExitCode: 4 Duration: 0s245ms
Rebuilding DAG because FileSignature timestamp changed: Library/Bee/1900b0aE-inputdata.json
*** Tundra requires additional run (0.11 seconds), 0 items updated, 565 evaluated
ExitCode: 0 Duration: 0s751ms
Starting: C:\Program Files\Unity\Hub\Editor\6000.3.19f1\Editor\Data\Tools\BuildPipeline\bee_backend.exe --ipc --defer-dag-verification --dagfile="Library/Bee/1900b0aE.dag" --continue-on-failure --dagfilejson="Library\Bee\1900b0aE.dag.json" --profile="Library/Bee/backend2.traceevents" ScriptAssemblies
WorkingDir: D:/DesignTesting
ExitCode: 0 Duration: 2s756ms
Finished compiling graph: 1045 nodes, 20039 flattened edges (16403 ToBuild, 166 ToUse), maximum node priority 1186
[ 538/1042  0s] WriteText Library/Bee/artifacts/1900b0aE.dag/Assembly-CSharp-Editor.rsp
[ 809/1042  0s] ILPP-Configuration Library/ilpp-configuration.nevergeneratedoutput
[1038/1042  1s] Csc Library/Bee/artifacts/1900b0aE.dag/Assembly-CSharp-Editor.dll (+2 others)
Assets\Editor\Map1TilemapBuilder.cs(153,13): warning CS0618: 'Collider2D.usedByComposite' is obsolete: 'usedByComposite has been deprecated. Please use compositeOperation.'

Assets\Editor\Scene2TilemapBuilder.cs(239,13): warning CS0618: 'Collider2D.usedByComposite' is obsolete: 'usedByComposite has been deprecated. Please use compositeOperation.'

Assets\Editor\ManWalkAnimationBuilder.cs(124,9): warning CS0618: 'TextureImporter.spritesheet' is obsolete: 'Support for accessing sprite meta data through spritesheet has been removed. Please use the UnityEditor.U2D.Sprites.ISpriteEditorDataProvider interface instead.'
[1039/1042  0s] ILPostProcess Library/Bee/artifacts/1900b0aE.dag/post-processed/Assembly-CSharp-Editor.dll (+pdb)
Processing assembly Library/Bee/artifacts/1900b0aE.dag/Assembly-CSharp-Editor.dll, with 137 defines and 351 references

processors: Unity.Jobs.CodeGen.JobsILPostProcessor, zzzUnity.Burst.CodeGen.BurstILPostProcessor

running Unity.Jobs.CodeGen.JobsILPostProcessor

running zzzUnity.Burst.CodeGen.BurstILPostProcessor
[1040/1042  0s] CopyFiles Library/ScriptAssemblies/Assembly-CSharp-Editor.pdb
[1041/1042  0s] CopyFiles Library/ScriptAssemblies/Assembly-CSharp-Editor.dll
*** Tundra build success (2.63 seconds), 6 items updated, 1042 evaluated
Assets\Editor\Map1TilemapBuilder.cs(153,13): warning CS0618: 'Collider2D.usedByComposite' is obsolete: 'usedByComposite has been deprecated. Please use compositeOperation.'
Assets\Editor\Scene2TilemapBuilder.cs(239,13): warning CS0618: 'Collider2D.usedByComposite' is obsolete: 'usedByComposite has been deprecated. Please use compositeOperation.'
Assets\Editor\ManWalkAnimationBuilder.cs(124,9): warning CS0618: 'TextureImporter.spritesheet' is obsolete: 'Support for accessing sprite meta data through spritesheet has been removed. Please use the UnityEditor.U2D.Sprites.ISpriteEditorDataProvider interface instead.'
AssetDatabase: script compilation time: 4.281078s
Begin MonoManager ReloadAssembly
- Loaded All Assemblies, in  0.963 seconds
Refreshing native plugins compatible for Editor in 7.04 ms, found 5 plugins.
Native extension for WindowsStandalone target not found
Refreshing native plugins compatible for Editor in 8.18 ms, found 5 plugins.
ScheduleIndexationOnStartup MainProcess:True IndexOnStartup:True
Mono: successfully reloaded assembly
- Finished resetting the current domain, in  2.807 seconds
Domain Reload Profiling: 3745ms
	BeginReloadAssembly (294ms)
		ExecutionOrderSort (0ms)
		DisableScriptedObjects (34ms)
		BackupInstance (0ms)
		ReleaseScriptingObjects (0ms)
		CreateAndSetChildDomain (137ms)
	RebuildCommonClasses (27ms)
	RebuildNativeTypeToScriptingClass (9ms)
	initialDomainReloadingComplete (40ms)
	LoadAllAssembliesAndSetupDomain (568ms)
		LoadAssemblies (457ms)
		RebuildTransferFunctionScriptingTraits (0ms)
		AnalyzeDomain (201ms)
			TypeCache.Refresh (140ms)
				TypeCache.ScanAssembly (129ms)
			BuildScriptInfoCaches (50ms)
			ResolveRequiredComponents (7ms)
	FinalizeReload (2807ms)
		ReleaseScriptCaches (0ms)
		RebuildScriptCaches (0ms)
		SetupLoadedEditorAssemblies (2423ms)
			LogAssemblyErrors (0ms)
			InitializePlatformSupportModulesInManaged (16ms)
			SetLoadedEditorAssemblies (3ms)
			BeforeProcessingInitializeOnLoad (136ms)
			ProcessInitializeOnLoadAttributes (2148ms)
			ProcessInitializeOnLoadMethodAttributes (104ms)
			AfterProcessingInitializeOnLoad (17ms)
			EditorAssembliesLoaded (0ms)
		ExecutionOrderSort2 (0ms)
		AwakeInstancesAfterBackupRestoration (252ms)
Start importing Assets/Editor/RunScene2TilemapConversion.flag using Guid(2815f3e128d55004aa28c74aa75d83cf) (DefaultImporter) -> (artifact id: 'd81356a134702fc0ef2afb4a627b6b86') in 0.4469125 seconds
Refreshing native plugins compatible for Editor in 12.01 ms, found 5 plugins.
Preloading 0 native plugins for Editor in 0.00 ms.
Asset Pipeline Refresh (id=2f50cb432040f2349b27bc22c2f1197f): Total: 9.945 seconds - Initiated by InitialRefreshV2(ForceSynchronousImport)
	Summary:
		Imports: total=1 (actual=1, local cache=0, cache server=0)
		Asset DB Process Time: managed=3 ms, native=3994 ms
		Asset DB Callback time: managed=537 ms, native=91 ms
		Scripting: domain reloads=1, domain reload time=963 ms, compile time=4282 ms, other=72 ms
		Project Asset Count: scripts=1569, non-scripts=3319
		Asset File Changes: new=2, changed=2, moved=0, deleted=0
		Scan Filter Count: 0
	InvokeCustomDependenciesCallbacks: 0.001ms
	InvokePackagesCallback: 79.455ms
	ApplyChangesToAssetFolders: 1.190ms
	Scan: 346.830ms
	OnSourceAssetsModified: 0.873ms
	CategorizeAssetsWithTransientArtifact: 59.615ms
	ProcessAssetsWithTransientArtifactChanges: 63.976ms
	CategorizeAssets: 41.118ms
	ImportOutOfDateAssets: 3280.041ms (-1454.402ms without children)
		ImportManagerImport: 450.578ms (1.434ms without children)
			ImportInProcess: 449.125ms
			UpdateCategorizedAssets: 0.019ms
		CompileScripts: 4282.147ms
		ReloadNativeAssets: 0.025ms
		UnloadImportedAssets: 0.497ms
		ReloadImportedAssets: 0.000ms
		EnsureUptoDateAssetsAreRegisteredWithGuidPM: 0.574ms
		InitializingProgressBar: 0.007ms
		PostProcessAllAssetNotificationsAddChangedAssets: 0.001ms
		OnDemandSchedulerStart: 0.615ms
	PostProcessAllAssets: 538.725ms
	Hotreload: 14.887ms
	GatherAllCurrentPrimaryArtifactRevisions: 0.002ms
	UnloadStreamsBegin: 2.077ms
	PersistCurrentRevisions: 0.169ms
	UnloadStreamsEnd: 0.001ms
	GenerateScriptTypeHashes: 2.078ms
	Untracked: 5515.971ms

Application.AssetDatabase Initial Refresh End
Launched and connected shader compiler UnityShaderCompiler.exe after 0.06 seconds
Scanning for USB devices : 17.812ms
Initializing Unity extensions:
[MODES] ModeService[none].Initialize
[MODES] ModeService[none].LoadModes
[MODES] Loading mode Default (0) for mode-current-id-resource
Unloading 19 Unused Serialized files (Serialized files now loaded: 0)
Unloading 7222 unused Assets / (4.7 MB). Loaded Objects now: 8089.
Memory consumption went from 238.2 MB to 233.5 MB.
Total: 7.194300 ms (FindLiveObjects: 0.406300 ms CreateObjectMapping: 0.257100 ms MarkObjects: 5.057300 ms  DeleteObjects: 1.473200 ms)

Opening scene 'Assets/Scenes/Gameplay/Scene_2.unity'
Unloading 2 Unused Serialized files (Serialized files now loaded: 0)
Loaded scene 'Assets/Scenes/Gameplay/Scene_2.unity'
	Deserialize:            14.884 ms
	Integration:            157.122 ms
	Integration of assets:  0.180 ms
	Thread Wait Time:       0.013 ms
	Total Operation Time:   172.199 ms
Unloading 4 unused Assets / (5.5 KB). Loaded Objects now: 8874.
Memory consumption went from 218.0 MB to 218.0 MB.
Total: 5.677200 ms (FindLiveObjects: 0.339700 ms CreateObjectMapping: 0.179500 ms MarkObjects: 5.096200 ms  DeleteObjects: 0.061000 ms)

Start importing Assets/Art/Tiles/Scene2_1A1F24FF.asset using Guid(ad10674923c46e341a1acf9de978d869) (NativeFormatImporter) -> (artifact id: '410a97025d30ea89fbbbd91ba0059da7') in 0.0060472 seconds
Refreshing native plugins compatible for Editor in 8.95 ms, found 5 plugins.
Preloading 0 native plugins for Editor in 0.00 ms.
Asset Pipeline Refresh (id=b15e70b595880f14d9a90d6d454d5467): Total: 0.107 seconds - Initiated by StopAssetImportingV2(NoUpdateAssetOptions)
Start importing Assets/Art/Tiles/Scene2_FFDB1FFF.asset using Guid(3ef3f922c893ea648a30912a13c26171) (NativeFormatImporter) -> (artifact id: '551622558cf2bbcb2fb122016ee294e8') in 0.0040011 seconds
Refreshing native plugins compatible for Editor in 6.55 ms, found 5 plugins.
Preloading 0 native plugins for Editor in 0.00 ms.
Asset Pipeline Refresh (id=a8eb963fb2c58a84c84a1ab1fd41c229): Total: 0.056 seconds - Initiated by StopAssetImportingV2(NoUpdateAssetOptions)
Start importing Assets/Art/Tiles/Scene2_FF1200FF.asset using Guid(601b02d8d4d1cbe48a4f2fd035873226) (NativeFormatImporter) -> (artifact id: '38155afd825f08e38c6fbba0f027a212') in 0.0041003 seconds
Refreshing native plugins compatible for Editor in 6.90 ms, found 5 plugins.
Preloading 0 native plugins for Editor in 0.00 ms.
Asset Pipeline Refresh (id=821adf7daddaab34e9cb8592378e994b): Total: 0.059 seconds - Initiated by StopAssetImportingV2(NoUpdateAssetOptions)
Start importing Assets/Art/Tiles/Scene2_8CC924FF.asset using Guid(bf4abf5f744c41e46b30d8c7a234c319) (NativeFormatImporter) -> (artifact id: 'ea421e0720e4f966f70550642c558df0') in 0.0038253 seconds
Refreshing native plugins compatible for Editor in 9.99 ms, found 5 plugins.
Preloading 0 native plugins for Editor in 0.00 ms.
Asset Pipeline Refresh (id=37369aab902ec0248a7857c87852792d): Total: 0.057 seconds - Initiated by StopAssetImportingV2(NoUpdateAssetOptions)
Start importing Assets/Art/Tiles/Scene2_1AE661FF.asset using Guid(f5917aaaabe386d4ca161dff3007afe1) (NativeFormatImporter) -> (artifact id: '897864d8762c6c21fd87b4ff3534e1c0') in 0.0040861 seconds
Refreshing native plugins compatible for Editor in 7.02 ms, found 5 plugins.
Preloading 0 native plugins for Editor in 0.00 ms.
Asset Pipeline Refresh (id=36531f0c1dae19147bad44da16eb1dc4): Total: 0.056 seconds - Initiated by StopAssetImportingV2(NoUpdateAssetOptions)
Start importing Assets/Art/Tiles/Scene2_1A1A1AFF.asset using Guid(ce35d7ac915c71141aaca86eea1a3da3) (NativeFormatImporter) -> (artifact id: 'aa7e8e36b1a23a0512660ee8edb19e6b') in 0.0039789 seconds
Refreshing native plugins compatible for Editor in 6.64 ms, found 5 plugins.
Preloading 0 native plugins for Editor in 0.00 ms.
Asset Pipeline Refresh (id=46fa4d83cd7ac6042acab8241110d981): Total: 0.053 seconds - Initiated by StopAssetImportingV2(NoUpdateAssetOptions)
Start importing Assets/Art/Tiles/Scene2_RoomFill.asset using Guid(e7162408cbd2ff242933aaf77d3cddb7) (NativeFormatImporter) -> (artifact id: 'c93bfe8728bc3a3f9c55855d0d65ad93') in 0.0054472 seconds
Refreshing native plugins compatible for Editor in 8.88 ms, found 5 plugins.
Preloading 0 native plugins for Editor in 0.00 ms.
Asset Pipeline Refresh (id=16e5f767eb6a5fe46860f4a9354b146b): Total: 0.061 seconds - Initiated by StopAssetImportingV2(NoUpdateAssetOptions)
Start importing Assets/Art/Tiles/Scene2_8C949EFF.asset using Guid(9e966d858369e65409587441335b371f) (NativeFormatImporter) -> (artifact id: 'ce37073c8679b57993ce31f3d28836d6') in 0.004168 seconds
Refreshing native plugins compatible for Editor in 7.32 ms, found 5 plugins.
Preloading 0 native plugins for Editor in 0.00 ms.
Asset Pipeline Refresh (id=d55e8a24c2e852a4e9a652a71de63777): Total: 0.057 seconds - Initiated by StopAssetImportingV2(NoUpdateAssetOptions)
Start importing Assets/Art/Tiles/Scene2_0080FFFF.asset using Guid(4d1ea3fe6f12ea34486010f073b1b093) (NativeFormatImporter) -> (artifact id: '98c7fb5ebfa3e6fb6f1d3bbf3e7957be') in 0.0042469 seconds
Refreshing native plugins compatible for Editor in 8.24 ms, found 5 plugins.
Preloading 0 native plugins for Editor in 0.00 ms.
Asset Pipeline Refresh (id=4d727daf659539245ab34472fc3cd246): Total: 0.053 seconds - Initiated by StopAssetImportingV2(NoUpdateAssetOptions)
Start importing Assets/Art/Tiles/Scene2_000000FF.asset using Guid(8421d3d08e10cd94fa34447355650dfc) (NativeFormatImporter) -> (artifact id: '975add867ca24207aab8bd2949186ef6') in 0.0034748 seconds
Refreshing native plugins compatible for Editor in 7.49 ms, found 5 plugins.
Preloading 0 native plugins for Editor in 0.00 ms.
Asset Pipeline Refresh (id=3797185588f801a47aa9c1f386c10e8a): Total: 0.057 seconds - Initiated by StopAssetImportingV2(NoUpdateAssetOptions)
Start importing Assets/Art/Tiles/Scene2_FF47ADFF.asset using Guid(3550c6830a8284c46ab0a3b13bb41916) (NativeFormatImporter) -> (artifact id: '444c922da92c63210642e59194681a63') in 0.0043129 seconds
Refreshing native plugins compatible for Editor in 5.83 ms, found 5 plugins.
Preloading 0 native plugins for Editor in 0.00 ms.
Asset Pipeline Refresh (id=f581e8419a9c0094cb53a8740f8eef12): Total: 0.047 seconds - Initiated by StopAssetImportingV2(NoUpdateAssetOptions)
Start importing Assets/Art/Tiles/Scene2_FF1200FF.asset using Guid(601b02d8d4d1cbe48a4f2fd035873226) (NativeFormatImporter) -> (artifact id: 'd0237a44b2a4759cc6376a932ff021a6') in 0.003374 seconds
Start importing Assets/Art/Tiles/Scene2_000000FF.asset using Guid(8421d3d08e10cd94fa34447355650dfc) (NativeFormatImporter) -> (artifact id: 'e25a8c6670af6ad63c8c342042637659') in 0.0029041 seconds
Start importing Assets/Art/Tiles/Scene2_FF47ADFF.asset using Guid(3550c6830a8284c46ab0a3b13bb41916) (NativeFormatImporter) -> (artifact id: '23ab4f4e763d13ccc50700bf6b223044') in 0.0026709 seconds
Start importing Assets/Art/Tiles/Scene2_1AE661FF.asset using Guid(f5917aaaabe386d4ca161dff3007afe1) (NativeFormatImporter) -> (artifact id: 'be4f5d8d46988ea14e22e8575cce8f00') in 0.0027395 seconds
Start importing Assets/Art/Tiles/Scene2_RoomFill.asset using Guid(e7162408cbd2ff242933aaf77d3cddb7) (NativeFormatImporter) -> (artifact id: '05cc62a00913f3957f89f2efa75438a0') in 0.0028197 seconds
Start importing Assets/Art/Tiles/Scene2_0080FFFF.asset using Guid(4d1ea3fe6f12ea34486010f073b1b093) (NativeFormatImporter) -> (artifact id: '262d7ed1eea03e6d2e909caca87e9cff') in 0.0033447 seconds
Start importing Assets/Art/Tiles/Scene2_1A1F24FF.asset using Guid(ad10674923c46e341a1acf9de978d869) (NativeFormatImporter) -> (artifact id: '42889d45b9947b6094b9998b6948d8f9') in 0.0029281 seconds
Start importing Assets/Art/Tiles/Scene2_FFDB1FFF.asset using Guid(3ef3f922c893ea648a30912a13c26171) (NativeFormatImporter) -> (artifact id: '53663fca9fa735396d0fdb72e0bd2eb8') in 0.0035609 seconds
Start importing Assets/Art/Tiles/Scene2_8C949EFF.asset using Guid(9e966d858369e65409587441335b371f) (NativeFormatImporter) -> (artifact id: 'dafcaf58dba9ee8abfdb3b1e34031a0b') in 0.0025519 seconds
Start importing Assets/Art/Tiles/Scene2_1A1A1AFF.asset using Guid(ce35d7ac915c71141aaca86eea1a3da3) (NativeFormatImporter) -> (artifact id: '0e8b6ff0b347352030278507b3f6b4fc') in 0.002623 seconds
Start importing Assets/Art/Tiles/Scene2_8CC924FF.asset using Guid(bf4abf5f744c41e46b30d8c7a234c319) (NativeFormatImporter) -> (artifact id: '6d7a9ea8b82b24dafeb26d1e09cf7253') in 0.0033333 seconds
Refreshing native plugins compatible for Editor in 5.93 ms, found 5 plugins.
Preloading 0 native plugins for Editor in 0.00 ms.
Asset Pipeline Refresh (id=fe5159916747001459aae5992ed699cf): Total: 0.091 seconds - Initiated by StopAssetImportingV2(NoUpdateAssetOptions)
Start importing Assets/Scenes/Gameplay/Scene_2.unity using Guid(8c9cfa26abfee488c85f1582747f6a02) (DefaultImporter) -> (artifact id: 'b743014d09abc89b61cf504d65c35623') in 0.0011795 seconds
Refreshing native plugins compatible for Editor in 6.14 ms, found 5 plugins.
Preloading 0 native plugins for Editor in 0.00 ms.
Asset Pipeline Refresh (id=3960a45c3e4ad5640bb202ce22936ce6): Total: 0.044 seconds - Initiated by StopAssetImportingV2(NoUpdateAssetOptions)
Scene_2 tilemap conversion complete: 98 static blocks, 11 room fills, 19 mechanism visuals.
UnityEngine.Debug:ExtractStackTraceNoAlloc (byte*,int,string)
UnityEngine.StackTraceUtility:ExtractStackTrace ()
UnityEngine.DebugLogHandler:Internal_Log (UnityEngine.LogType,UnityEngine.LogOption,string,UnityEngine.Object)
UnityEngine.DebugLogHandler:LogFormat (UnityEngine.LogType,UnityEngine.Object,string,object[])
UnityEngine.Logger:Log (UnityEngine.LogType,object)
UnityEngine.Debug:Log (object)
Scene2TilemapBuilder:ConvertSceneToTilemap (bool) (at Assets/Editor/Scene2TilemapBuilder.cs:138)
Scene2TilemapBuilder:ConvertScene2AndSave () (at Assets/Editor/Scene2TilemapBuilder.cs:45)

(Filename: Assets/Editor/Scene2TilemapBuilder.cs Line: 138)

[Licensing::Client] Successfully resolved entitlement details
Batchmode quit successfully invoked - shutting down!
[Physics::Module] Cleanup current backend.
[Physics::Module] Id: 0xf2b8ea05
Input System module state changed to: ShutdownInProgress.
Input System polling thread exited.
Input System module state changed to: Shutdown.
[Licensing::IpcConnector] LicenseClient-31514-6000.3.19-notifications channel disconnected successfully.
[Licensing::IpcConnector] LicenseClient-31514-6000.3.19 channel disconnected successfully.
AcceleratorClientConnectionCallback - disconnected - :0
Cleanup mono
Exiting batchmode successfully now!
Exiting without the bug reporter. Application will terminate with return code 0